Using pre-set license
Built from '2021.3/staging' branch; Version is '2021.3.3f1 (af2e63e8f9bd) revision 11480675'; Using compiler version '192829333'; Build Type 'Release'
OS: 'Windows 10  (10.0.19044) 64bit Professional' Language: 'pt' Physical Memory: 8110 MB
BatchMode: 1, IsHumanControllingUs: 0, StartBugReporterOnCrash: 0, Is64bit: 1, IsPro: 1

COMMAND LINE ARGUMENTS:
D:\Unity\Unity Hub\Unity Creator\2021.3.3f1\Editor\Unity.exe
-adb2
-batchMode
-noUpm
-name
AssetImportWorker3
-projectPath
C:/Users/CARLOS/Documents/GitHub/GameJamOutraDimensao/GameJam
-logFile
Logs/AssetImportWorker3.log
-srvPort
55850
Successfully changed project path to: C:/Users/CARLOS/Documents/GitHub/GameJamOutraDimensao/GameJam
C:/Users/CARLOS/Documents/GitHub/GameJamOutraDimensao/GameJam
[UnityMemory] Configuration Parameters - Can be set up in boot.config
    "memorysetup-bucket-allocator-granularity=16"
    "memorysetup-bucket-allocator-bucket-count=8"
    "memorysetup-bucket-allocator-block-size=33554432"
    "memorysetup-bucket-allocator-block-count=8"
    "memorysetup-main-allocator-block-size=16777216"
    "memorysetup-thread-allocator-block-size=16777216"
    "memorysetup-gfx-main-allocator-block-size=16777216"
    "memorysetup-gfx-thread-allocator-block-size=16777216"
    "memorysetup-cache-allocator-block-size=4194304"
    "memorysetup-typetree-allocator-block-size=2097152"
    "memorysetup-profiler-bucket-allocator-granularity=16"
    "memorysetup-profiler-bucket-allocator-bucket-count=8"
    "memorysetup-profiler-bucket-allocator-block-size=33554432"
    "memorysetup-profiler-bucket-allocator-block-count=8"
    "memorysetup-profiler-allocator-block-size=16777216"
    "memorysetup-profiler-editor-allocator-block-size=1048576"
    "memorysetup-temp-allocator-size-main=16777216"
    "memorysetup-job-temp-allocator-block-size=2097152"
    "memorysetup-job-temp-allocator-block-size-background=1048576"
    "memorysetup-job-temp-allocator-reduction-small-platforms=262144"
    "memorysetup-temp-allocator-size-background-worker=32768"
    "memorysetup-temp-allocator-size-job-worker=262144"
    "memorysetup-temp-allocator-size-preload-manager=33554432"
    "memorysetup-temp-allocator-size-nav-mesh-worker=65536"
    "memorysetup-temp-allocator-size-audio-worker=65536"
    "memorysetup-temp-allocator-size-cloud-worker=32768"
    "memorysetup-temp-allocator-size-gi-baking-worker=262144"
    "memorysetup-temp-allocator-size-gfx=262144"
Refreshing native plugins compatible for Editor in 101.94 ms, found 4 plugins.
Preloading 0 native plugins for Editor in 0.00 ms.
Initialize engine version: 2021.3.3f1 (af2e63e8f9bd)
[Subsystems] Discovering subsystems at path D:/Unity/Unity Hub/Unity Creator/2021.3.3f1/Editor/Data/Resources/UnitySubsystems
[Subsystems] Discovering subsystems at path C:/Users/CARLOS/Documents/GitHub/GameJamOutraDimensao/GameJam/Assets
GfxDevice: creating device client; threaded=0; jobified=0
Direct3D:
    Version:  Direct3D 11.0 [level 11.1]
    Renderer: NVIDIA GeForce GTX 1650 (ID=0x1f82)
    Vendor:   NVIDIA
    VRAM:     3962 MB
    Driver:   31.0.15.1694
Initialize mono
Mono path[0] = 'D:/Unity/Unity Hub/Unity Creator/2021.3.3f1/Editor/Data/Managed'
Mono path[1] = 'D:/Unity/Unity Hub/Unity Creator/2021.3.3f1/Editor/Data/MonoBleedingEdge/lib/mono/unityjit-win32'
Mono config path = 'D:/Unity/Unity Hub/Unity Creator/2021.3.3f1/Editor/Data/MonoBleedingEdge/etc'
Using monoOptions --debugger-agent=transport=dt_socket,embedding=1,server=y,suspend=n,address=127.0.0.1:56828
Begin MonoManager ReloadAssembly
Registering precompiled unity dll's ...
Register platform support module: D:/Unity/Unity Hub/Unity Creator/2021.3.3f1/Editor/Data/PlaybackEngines/AndroidPlayer/UnityEditor.Android.Extensions.dll
Register platform support module: D:/Unity/Unity Hub/Unity Creator/2021.3.3f1/Editor/Data/PlaybackEngines/WindowsStandaloneSupport/UnityEditor.WindowsStandalone.Extensions.dll
Registered in 0.005424 seconds.
Native extension for WindowsStandalone target not found
Native extension for Android target not found
Refreshing native plugins compatible for Editor in 102.95 ms, found 4 plugins.
Preloading 0 native plugins for Editor in 0.00 ms.
Mono: successfully reloaded assembly
- Completed reload, in  1.042 seconds
Domain Reload Profiling:
	ReloadAssembly (1042ms)
		BeginReloadAssembly (88ms)
			ExecutionOrderSort (0ms)
			DisableScriptedObjects (0ms)
			BackupInstance (0ms)
			ReleaseScriptingObjects (0ms)
			CreateAndSetChildDomain (1ms)
		EndReloadAssembly (676ms)
			LoadAssemblies (88ms)
			RebuildTransferFunctionScriptingTraits (0ms)
			SetupTypeCache (290ms)
			ReleaseScriptCaches (0ms)
			RebuildScriptCaches (28ms)
			SetupLoadedEditorAssemblies (307ms)
				LogAssemblyErrors (0ms)
				InitializePlatformSupportModulesInManaged (55ms)
				SetLoadedEditorAssemblies (0ms)
				RefreshPlugins (103ms)
				BeforeProcessingInitializeOnLoad (1ms)
				ProcessInitializeOnLoadAttributes (98ms)
				ProcessInitializeOnLoadMethodAttributes (50ms)
				AfterProcessingInitializeOnLoad (0ms)
				EditorAssembliesLoaded (0ms)
			ExecutionOrderSort2 (0ms)
			AwakeInstancesAfterBackupRestoration (0ms)
Platform modules already initialized, skipping
Registering precompiled user dll's ...
Registered in 0.008328 seconds.
Begin MonoManager ReloadAssembly
Symbol file LoadedFromMemory doesn't match image C:\Users\CARLOS\Documents\GitHub\GameJamOutraDimensao\GameJam\Library\PackageCache\com.unity.visualscripting@1.7.6\Editor\VisualScripting.Core\Dependencies\YamlDotNet\Unity.VisualScripting.YamlDotNet.dll
Symbol file LoadedFromMemory doesn't match image C:\Users\CARLOS\Documents\GitHub\GameJamOutraDimensao\GameJam\Library\PackageCache\com.unity.visualscripting@1.7.6\Editor\VisualScripting.Core\Dependencies\DotNetZip\Unity.VisualScripting.IonicZip.dll
Native extension for WindowsStandalone target not found
Native extension for Android target not found
Refreshing native plugins compatible for Editor in 111.10 ms, found 4 plugins.
Preloading 0 native plugins for Editor in 0.00 ms.
Mono: successfully reloaded assembly
- Completed reload, in  1.409 seconds
Domain Reload Profiling:
	ReloadAssembly (1410ms)
		BeginReloadAssembly (237ms)
			ExecutionOrderSort (0ms)
			DisableScriptedObjects (6ms)
			BackupInstance (0ms)
			ReleaseScriptingObjects (0ms)
			CreateAndSetChildDomain (133ms)
		EndReloadAssembly (1060ms)
			LoadAssemblies (102ms)
			RebuildTransferFunctionScriptingTraits (0ms)
			SetupTypeCache (244ms)
			ReleaseScriptCaches (1ms)
			RebuildScriptCaches (71ms)
			SetupLoadedEditorAssemblies (603ms)
				LogAssemblyErrors (0ms)
				InitializePlatformSupportModulesInManaged (14ms)
				SetLoadedEditorAssemblies (0ms)
				RefreshPlugins (111ms)
				BeforeProcessingInitializeOnLoad (111ms)
				ProcessInitializeOnLoadAttributes (322ms)
				ProcessInitializeOnLoadMethodAttributes (41ms)
				AfterProcessingInitializeOnLoad (3ms)
				EditorAssembliesLoaded (0ms)
			ExecutionOrderSort2 (0ms)
			AwakeInstancesAfterBackupRestoration (6ms)
Platform modules already initialized, skipping
========================================================================
Worker process is ready to serve import requests
Launched and connected shader compiler UnityShaderCompiler.exe after 0.07 seconds
Refreshing native plugins compatible for Editor in 0.94 ms, found 4 plugins.
Preloading 0 native plugins for Editor in 0.00 ms.
Unloading 4104 Unused Serialized files (Serialized files now loaded: 0)
Unloading 42 unused Assets / (200.8 KB). Loaded Objects now: 4567.
Memory consumption went from 227.8 MB to 227.7 MB.
Total: 3.265200 ms (FindLiveObjects: 0.314600 ms CreateObjectMapping: 0.242500 ms MarkObjects: 2.579900 ms  DeleteObjects: 0.127400 ms)

AssetImportParameters requested are different than current active one (requested -> active):
  custom:video-decoder-ogg-theora: a1e56fd34408186e4bbccfd4996cb3dc -> 
  custom:container-muxer-webm: aa71ff27fc2769a1b78a27578f13a17b -> 
  custom:container-demuxer-webm: 4f35f7cbe854078d1ac9338744f61a02 -> 
  custom:video-encoder-webm-vp8: eb34c28f22e8b96e1ab97ce403110664 -> 
  custom:audio-encoder-webm-vorbis: bf7c407c2cedff20999df2af8eb42d56 -> 
  custom:framework-win-MediaFoundation: 216162199b28c13a410421893ffa2e32 -> 
  custom:container-demuxer-ogg: 62fdf1f143b41e24485cea50d1cbac27 -> 
  custom:video-decoder-webm-vp8: 9c59270c3fd7afecdb556c50c9e8de78 -> 
  custom:audio-decoder-ogg-vorbis: bf7c407c2cedff20999df2af8eb42d56 -> 
========================================================================
Received Prepare
Registering precompiled user dll's ...
Registered in 0.008019 seconds.
Begin MonoManager ReloadAssembly
Symbol file LoadedFromMemory doesn't match image C:\Users\CARLOS\Documents\GitHub\GameJamOutraDimensao\GameJam\Library\PackageCache\com.unity.visualscripting@1.7.6\Editor\VisualScripting.Core\Dependencies\YamlDotNet\Unity.VisualScripting.YamlDotNet.dll
Symbol file LoadedFromMemory doesn't match image C:\Users\CARLOS\Documents\GitHub\GameJamOutraDimensao\GameJam\Library\PackageCache\com.unity.visualscripting@1.7.6\Editor\VisualScripting.Core\Dependencies\DotNetZip\Unity.VisualScripting.IonicZip.dll
Native extension for WindowsStandalone target not found
Native extension for Android target not found
Refreshing native plugins compatible for Editor in 0.93 ms, found 4 plugins.
Preloading 0 native plugins for Editor in 0.00 ms.
Mono: successfully reloaded assembly
- Completed reload, in  1.190 seconds
Domain Reload Profiling:
	ReloadAssembly (1190ms)
		BeginReloadAssembly (153ms)
			ExecutionOrderSort (0ms)
			DisableScriptedObjects (7ms)
			BackupInstance (0ms)
			ReleaseScriptingObjects (0ms)
			CreateAndSetChildDomain (39ms)
		EndReloadAssembly (936ms)
			LoadAssemblies (128ms)
			RebuildTransferFunctionScriptingTraits (0ms)
			SetupTypeCache (305ms)
			ReleaseScriptCaches (2ms)
			RebuildScriptCaches (55ms)
			SetupLoadedEditorAssemblies (407ms)
				LogAssemblyErrors (0ms)
				InitializePlatformSupportModulesInManaged (25ms)
				SetLoadedEditorAssemblies (1ms)
				RefreshPlugins (1ms)
				BeforeProcessingInitializeOnLoad (87ms)
				ProcessInitializeOnLoadAttributes (242ms)
				ProcessInitializeOnLoadMethodAttributes (46ms)
				AfterProcessingInitializeOnLoad (4ms)
				EditorAssembliesLoaded (0ms)
			ExecutionOrderSort2 (0ms)
			AwakeInstancesAfterBackupRestoration (10ms)
Platform modules already initialized, skipping
Refreshing native plugins compatible for Editor in 3.13 ms, found 4 plugins.
Preloading 0 native plugins for Editor in 0.00 ms.
Unloading 4086 Unused Serialized files (Serialized files now loaded: 0)
Unloading 30 unused Assets / (193.3 KB). Loaded Objects now: 4570.
Memory consumption went from 226.5 MB to 226.4 MB.
Total: 4.259800 ms (FindLiveObjects: 0.422200 ms CreateObjectMapping: 0.304400 ms MarkObjects: 2.938200 ms  DeleteObjects: 0.592900 ms)

AssetImportParameters requested are different than current active one (requested -> active):
  custom:video-decoder-ogg-theora: a1e56fd34408186e4bbccfd4996cb3dc -> 
  custom:container-muxer-webm: aa71ff27fc2769a1b78a27578f13a17b -> 
  custom:container-demuxer-webm: 4f35f7cbe854078d1ac9338744f61a02 -> 
  custom:video-encoder-webm-vp8: eb34c28f22e8b96e1ab97ce403110664 -> 
  custom:audio-encoder-webm-vorbis: bf7c407c2cedff20999df2af8eb42d56 -> 
  custom:framework-win-MediaFoundation: 216162199b28c13a410421893ffa2e32 -> 
  custom:container-demuxer-ogg: 62fdf1f143b41e24485cea50d1cbac27 -> 
  custom:video-decoder-webm-vp8: 9c59270c3fd7afecdb556c50c9e8de78 -> 
  custom:audio-decoder-ogg-vorbis: bf7c407c2cedff20999df2af8eb42d56 -> 
========================================================================
Received Prepare
Registering precompiled user dll's ...
Registered in 0.007837 seconds.
Begin MonoManager ReloadAssembly
Symbol file LoadedFromMemory doesn't match image C:\Users\CARLOS\Documents\GitHub\GameJamOutraDimensao\GameJam\Library\PackageCache\com.unity.visualscripting@1.7.6\Editor\VisualScripting.Core\Dependencies\YamlDotNet\Unity.VisualScripting.YamlDotNet.dll
Symbol file LoadedFromMemory doesn't match image C:\Users\CARLOS\Documents\GitHub\GameJamOutraDimensao\GameJam\Library\PackageCache\com.unity.visualscripting@1.7.6\Editor\VisualScripting.Core\Dependencies\DotNetZip\Unity.VisualScripting.IonicZip.dll
Native extension for WindowsStandalone target not found
Native extension for Android target not found
Refreshing native plugins compatible for Editor in 1.05 ms, found 4 plugins.
Preloading 0 native plugins for Editor in 0.00 ms.
Mono: successfully reloaded assembly
- Completed reload, in  1.159 seconds
Domain Reload Profiling:
	ReloadAssembly (1160ms)
		BeginReloadAssembly (155ms)
			ExecutionOrderSort (0ms)
			DisableScriptedObjects (7ms)
			BackupInstance (0ms)
			ReleaseScriptingObjects (0ms)
			CreateAndSetChildDomain (37ms)
		EndReloadAssembly (910ms)
			LoadAssemblies (123ms)
			RebuildTransferFunctionScriptingTraits (0ms)
			SetupTypeCache (293ms)
			ReleaseScriptCaches (2ms)
			RebuildScriptCaches (55ms)
			SetupLoadedEditorAssemblies (398ms)
				LogAssemblyErrors (0ms)
				InitializePlatformSupportModulesInManaged (24ms)
				SetLoadedEditorAssemblies (1ms)
				RefreshPlugins (1ms)
				BeforeProcessingInitializeOnLoad (82ms)
				ProcessInitializeOnLoadAttributes (241ms)
				ProcessInitializeOnLoadMethodAttributes (45ms)
				AfterProcessingInitializeOnLoad (4ms)
				EditorAssembliesLoaded (0ms)
			ExecutionOrderSort2 (0ms)
			AwakeInstancesAfterBackupRestoration (12ms)
Platform modules already initialized, skipping
Refreshing native plugins compatible for Editor in 2.92 ms, found 4 plugins.
Preloading 0 native plugins for Editor in 0.00 ms.
Unloading 4086 Unused Serialized files (Serialized files now loaded: 0)
Unloading 30 unused Assets / (193.3 KB). Loaded Objects now: 4573.
Memory consumption went from 226.5 MB to 226.4 MB.
Total: 3.873300 ms (FindLiveObjects: 0.424400 ms CreateObjectMapping: 0.321900 ms MarkObjects: 2.867100 ms  DeleteObjects: 0.258300 ms)

AssetImportParameters requested are different than current active one (requested -> active):
  custom:video-decoder-ogg-theora: a1e56fd34408186e4bbccfd4996cb3dc -> 
  custom:container-muxer-webm: aa71ff27fc2769a1b78a27578f13a17b -> 
  custom:container-demuxer-webm: 4f35f7cbe854078d1ac9338744f61a02 -> 
  custom:video-encoder-webm-vp8: eb34c28f22e8b96e1ab97ce403110664 -> 
  custom:audio-encoder-webm-vorbis: bf7c407c2cedff20999df2af8eb42d56 -> 
  custom:framework-win-MediaFoundation: 216162199b28c13a410421893ffa2e32 -> 
  custom:container-demuxer-ogg: 62fdf1f143b41e24485cea50d1cbac27 -> 
  custom:video-decoder-webm-vp8: 9c59270c3fd7afecdb556c50c9e8de78 -> 
  custom:audio-decoder-ogg-vorbis: bf7c407c2cedff20999df2af8eb42d56 -> 
========================================================================
Received Import Request.
  Time since last request: 5588.094633 seconds.
  path: Assets/Prefabs/Char Walk PeB_00001.png
  artifactKey: Guid(a40dcc267610d57429bff618cb7c9cc5) Importer(815301076,1909f56bfc062723c751e8b465ee728b)
Start importing Assets/Prefabs/Char Walk PeB_00001.png using Guid(a40dcc267610d57429bff618cb7c9cc5) Importer(815301076,1909f56bfc062723c751e8b465ee728b)  -> (artifact id: 'a27f75b149ae083fe815b45008c9eafb') in 0.443673 seconds 
========================================================================
Received Import Request.
  Time since last request: 0.000061 seconds.
  path: Assets/Prefabs/Char Walk PeB_00020.png
  artifactKey: Guid(a7b06fda06b1736419b3039838b48e45) Importer(815301076,1909f56bfc062723c751e8b465ee728b)
Start importing Assets/Prefabs/Char Walk PeB_00020.png using Guid(a7b06fda06b1736419b3039838b48e45) Importer(815301076,1909f56bfc062723c751e8b465ee728b)  -> (artifact id: 'af15e850b34f55a56448d9a7bd737a19') in 0.105557 seconds 
========================================================================
Received Import Request.
  Time since last request: 0.000034 seconds.
  path: Assets/Prefabs/Char Walk PeB_00014.png
  artifactKey: Guid(7f3ae64a60a30184ca9681d496882a54) Importer(815301076,1909f56bfc062723c751e8b465ee728b)
Start importing Assets/Prefabs/Char Walk PeB_00014.png using Guid(7f3ae64a60a30184ca9681d496882a54) Importer(815301076,1909f56bfc062723c751e8b465ee728b)  -> (artifact id: 'c0e1b98ac1811d2cc0d7944eee298671') in 0.109582 seconds 
========================================================================
Received Import Request.
  Time since last request: 0.000027 seconds.
  path: Assets/Prefabs/Char Walk PeB_00017.png
  artifactKey: Guid(fc986714ef53142489bd615ac4f8fd7e) Importer(815301076,1909f56bfc062723c751e8b465ee728b)
Start importing Assets/Prefabs/Char Walk PeB_00017.png using Guid(fc986714ef53142489bd615ac4f8fd7e) Importer(815301076,1909f56bfc062723c751e8b465ee728b)  -> (artifact id: '0f8d975db7b26c46a5fc4b0c149b4da2') in 0.109032 seconds 
========================================================================
Received Import Request.
  Time since last request: 0.000028 seconds.
  path: Assets/Prefabs/Char Walk PeB_00002.png
  artifactKey: Guid(10402804a2df1284d875b472385ccdf4) Importer(815301076,1909f56bfc062723c751e8b465ee728b)
Start importing Assets/Prefabs/Char Walk PeB_00002.png using Guid(10402804a2df1284d875b472385ccdf4) Importer(815301076,1909f56bfc062723c751e8b465ee728b)  -> (artifact id: '137ceb369d53ef2a5dcd359c1ca5711f') in 0.094107 seconds 
========================================================================
Received Import Request.
  Time since last request: 0.000037 seconds.
  path: Assets/Prefabs/Char Walk PeB_00022.png
  artifactKey: Guid(9d4841bb1a192d3489505be18f720ebe) Importer(815301076,1909f56bfc062723c751e8b465ee728b)
Start importing Assets/Prefabs/Char Walk PeB_00022.png using Guid(9d4841bb1a192d3489505be18f720ebe) Importer(815301076,1909f56bfc062723c751e8b465ee728b)  -> (artifact id: '15d2128482cee757e6e4b7ef5d4aa395') in 0.097221 seconds 
========================================================================
Received Import Request.
  Time since last request: 0.000019 seconds.
  path: Assets/Prefabs/Char Walk PeB_00026.png
  artifactKey: Guid(443127c11ee007a46b0b847b1ff5c1c6) Importer(815301076,1909f56bfc062723c751e8b465ee728b)
Start importing Assets/Prefabs/Char Walk PeB_00026.png using Guid(443127c11ee007a46b0b847b1ff5c1c6) Importer(815301076,1909f56bfc062723c751e8b465ee728b)  -> (artifact id: '6346ef66d58631edbc2cc11c28fb887b') in 0.097689 seconds 
========================================================================
Received Import Request.
  Time since last request: 0.000046 seconds.
  path: Assets/Prefabs/Char Walk PeB_00018.png
  artifactKey: Guid(50920881f2983ea4784894fc95760b2f) Importer(815301076,1909f56bfc062723c751e8b465ee728b)
Start importing Assets/Prefabs/Char Walk PeB_00018.png using Guid(50920881f2983ea4784894fc95760b2f) Importer(815301076,1909f56bfc062723c751e8b465ee728b)  -> (artifact id: '402e68ab65d1742b8763b4150b98dbae') in 0.092789 seconds 
========================================================================
Received Import Request.
  Time since last request: 0.000027 seconds.
  path: Assets/Prefabs/Char Walk PeB_00030.png
  artifactKey: Guid(73c62d3e15550634aa543218d3911fb3) Importer(815301076,1909f56bfc062723c751e8b465ee728b)
Start importing Assets/Prefabs/Char Walk PeB_00030.png using Guid(73c62d3e15550634aa543218d3911fb3) Importer(815301076,1909f56bfc062723c751e8b465ee728b)  -> (artifact id: 'fd8b5d91505e8f09cd6901276eb63225') in 0.089289 seconds 
========================================================================
Received Import Request.
  Time since last request: 0.000026 seconds.
  path: Assets/Prefabs/Char Walk PeB_00028.png
  artifactKey: Guid(cc712d2cd794b5d44ab027e6715414cd) Importer(815301076,1909f56bfc062723c751e8b465ee728b)
Start importing Assets/Prefabs/Char Walk PeB_00028.png using Guid(cc712d2cd794b5d44ab027e6715414cd) Importer(815301076,1909f56bfc062723c751e8b465ee728b)  -> (artifact id: 'b74b6a233e15823e49d5e7dfdb5f6635') in 0.094270 seconds 
========================================================================
Received Import Request.
  Time since last request: 0.000035 seconds.
  path: Assets/Prefabs/Char Walk PeB_00012.png
  artifactKey: Guid(8859cdb2915f7d34cba87359241345ae) Importer(815301076,1909f56bfc062723c751e8b465ee728b)
Start importing Assets/Prefabs/Char Walk PeB_00012.png using Guid(8859cdb2915f7d34cba87359241345ae) Importer(815301076,1909f56bfc062723c751e8b465ee728b)  -> (artifact id: 'a341881775d73ac8303115682051c562') in 0.153291 seconds 
========================================================================
Received Import Request.
  Time since last request: 0.000023 seconds.
  path: Assets/Prefabs/Char Walk PeB_00005.png
  artifactKey: Guid(6a14e688b67a18d4686ef5bfe0257ee7) Importer(815301076,1909f56bfc062723c751e8b465ee728b)
Start importing Assets/Prefabs/Char Walk PeB_00005.png using Guid(6a14e688b67a18d4686ef5bfe0257ee7) Importer(815301076,1909f56bfc062723c751e8b465ee728b)  -> (artifact id: '6ab3fcc6e5222384fa236aafe6182f20') in 0.113918 seconds 
========================================================================
Received Import Request.
  Time since last request: 0.000027 seconds.
  path: Assets/Prefabs/Char Walk PeB_00024.png
  artifactKey: Guid(f768ca780f391ea4a95ccb1d53e2f1d7) Importer(815301076,1909f56bfc062723c751e8b465ee728b)
Start importing Assets/Prefabs/Char Walk PeB_00024.png using Guid(f768ca780f391ea4a95ccb1d53e2f1d7) Importer(815301076,1909f56bfc062723c751e8b465ee728b)  -> (artifact id: 'd80c47593dbef4889df4a3fa7db9d83f') in 0.086983 seconds 
========================================================================
Received Import Request.
  Time since last request: 0.000021 seconds.
  path: Assets/Prefabs/Char Walk PeB_00033.png
  artifactKey: Guid(bea442c2d72197f49a5cce332b96244c) Importer(815301076,1909f56bfc062723c751e8b465ee728b)
Start importing Assets/Prefabs/Char Walk PeB_00033.png using Guid(bea442c2d72197f49a5cce332b96244c) Importer(815301076,1909f56bfc062723c751e8b465ee728b)  -> (artifact id: 'a8564ac85b51307ff97f2cc16e70a8cc') in 0.113373 seconds 
========================================================================
Received Import Request.
  Time since last request: 0.000050 seconds.
  path: Assets/Prefabs/Char Walk PeB_00003.png
  artifactKey: Guid(139e68222a6080f4ebcad7238b978558) Importer(815301076,1909f56bfc062723c751e8b465ee728b)
Start importing Assets/Prefabs/Char Walk PeB_00003.png using Guid(139e68222a6080f4ebcad7238b978558) Importer(815301076,1909f56bfc062723c751e8b465ee728b)  -> (artifact id: '098ddac1eabe31802363fb091bc53a45') in 0.099532 seconds 
========================================================================
Received Import Request.
  Time since last request: 0.000029 seconds.
  path: Assets/Prefabs/Char Walk PeB_00032.png
  artifactKey: Guid(ea5c2ed395a8fa54ab5be21fa27d66f4) Importer(815301076,1909f56bfc062723c751e8b465ee728b)
Start importing Assets/Prefabs/Char Walk PeB_00032.png using Guid(ea5c2ed395a8fa54ab5be21fa27d66f4) Importer(815301076,1909f56bfc062723c751e8b465ee728b)  -> (artifact id: 'cacc85e80b72e5ff946d292400fb15b7') in 0.099958 seconds 
========================================================================
Received Import Request.
  Time since last request: 0.928335 seconds.
  path: Assets/Prefabs/Char Walk PeB_00035.png
  artifactKey: Guid(8618cbd01e3e36043aecde37a9420bb1) Importer(815301076,1909f56bfc062723c751e8b465ee728b)
Start importing Assets/Prefabs/Char Walk PeB_00035.png using Guid(8618cbd01e3e36043aecde37a9420bb1) Importer(815301076,1909f56bfc062723c751e8b465ee728b)  -> (artifact id: '40e6a789ecee82a9792864d3ebbd7391') in 0.143218 seconds 
========================================================================
Received Import Request.
  Time since last request: 0.000032 seconds.
  path: Assets/Prefabs/Char Walk PeB_00036.png
  artifactKey: Guid(f06bde75efd3ab3468365d8000886ded) Importer(815301076,1909f56bfc062723c751e8b465ee728b)
Start importing Assets/Prefabs/Char Walk PeB_00036.png using Guid(f06bde75efd3ab3468365d8000886ded) Importer(815301076,1909f56bfc062723c751e8b465ee728b)  -> (artifact id: '81de5c9c645bda1e77081dc161c2d295') in 0.121178 seconds 
========================================================================
Received Import Request.
  Time since last request: 0.000082 seconds.
  path: Assets/Prefabs/Char Walk PeB_00043.png
  artifactKey: Guid(105a2a64917e2a54da2311c74f0ff44b) Importer(815301076,1909f56bfc062723c751e8b465ee728b)
Start importing Assets/Prefabs/Char Walk PeB_00043.png using Guid(105a2a64917e2a54da2311c74f0ff44b) Importer(815301076,1909f56bfc062723c751e8b465ee728b)  -> (artifact id: 'dbcf375606c4f7caf00d6919ef74ecbc') in 0.164294 seconds 
========================================================================
Received Import Request.
  Time since last request: 0.000040 seconds.
  path: Assets/Prefabs/Char Walk PeB_00047.png
  artifactKey: Guid(35f01a96b9e28de478bb5c7466b974ed) Importer(815301076,1909f56bfc062723c751e8b465ee728b)
Start importing Assets/Prefabs/Char Walk PeB_00047.png using Guid(35f01a96b9e28de478bb5c7466b974ed) Importer(815301076,1909f56bfc062723c751e8b465ee728b)  -> (artifact id: '7844590252e539219d1e9dd3b3200919') in 0.342833 seconds 
========================================================================
Received Import Request.
  Time since last request: 0.000041 seconds.
  path: Assets/Prefabs/Char Walk PeB_00048.png
  artifactKey: Guid(320724d24fcb9ce4e8f6ea2016cf2438) Importer(815301076,1909f56bfc062723c751e8b465ee728b)
Start importing Assets/Prefabs/Char Walk PeB_00048.png using Guid(320724d24fcb9ce4e8f6ea2016cf2438) Importer(815301076,1909f56bfc062723c751e8b465ee728b)  -> (artifact id: '194f7d0b6d979e866c54f7e30032d42a') in 0.102112 seconds 
========================================================================
Received Import Request.
  Time since last request: 0.000021 seconds.
  path: Assets/Prefabs/Char Walk PeB_00039.png
  artifactKey: Guid(a5db2c822f085ba40b333a1e3b5acfad) Importer(815301076,1909f56bfc062723c751e8b465ee728b)
Start importing Assets/Prefabs/Char Walk PeB_00039.png using Guid(a5db2c822f085ba40b333a1e3b5acfad) Importer(815301076,1909f56bfc062723c751e8b465ee728b)  -> (artifact id: '11d236ccd48982ad53ea57ab05026a16') in 0.137401 seconds 
========================================================================
Received Import Request.
  Time since last request: 0.000024 seconds.
  path: Assets/Prefabs/Char Walk PeB_00044.png
  artifactKey: Guid(f1405627133e1c6468f3a71f0b855d33) Importer(815301076,1909f56bfc062723c751e8b465ee728b)
Start importing Assets/Prefabs/Char Walk PeB_00044.png using Guid(f1405627133e1c6468f3a71f0b855d33) Importer(815301076,1909f56bfc062723c751e8b465ee728b)  -> (artifact id: 'd90fc83563ed4736b81948c1cbfa1b5e') in 0.109876 seconds 
========================================================================
Received Import Request.
  Time since last request: 0.000035 seconds.
  path: Assets/Prefabs/Char Walk PeB_00045.png
  artifactKey: Guid(c2a17a426fa8e5147a320a4600a979f2) Importer(815301076,1909f56bfc062723c751e8b465ee728b)
Start importing Assets/Prefabs/Char Walk PeB_00045.png using Guid(c2a17a426fa8e5147a320a4600a979f2) Importer(815301076,1909f56bfc062723c751e8b465ee728b)  -> (artifact id: '3bc9f8ca4159b8e170625069e92e3ed1') in 0.103809 seconds 
Editor requested this worker to shutdown with reason: Scaling down because of idle timeout
AssetImportWorker is now disconnected from the server
Process exiting
Exiting without the bug reporter. Application will terminate with return code 0