Using pre-set license
Built from '2021.3/staging' branch; Version is '2021.3.3f1 (af2e63e8f9bd) revision 11480675'; Using compiler version '192829333'; Build Type 'Release'
OS: 'Windows 10  (10.0.19044) 64bit Professional' Language: 'pt' Physical Memory: 8110 MB
BatchMode: 1, IsHumanControllingUs: 0, StartBugReporterOnCrash: 0, Is64bit: 1, IsPro: 1

COMMAND LINE ARGUMENTS:
D:\Unity\Unity Hub\Unity Creator\2021.3.3f1\Editor\Unity.exe
-adb2
-batchMode
-noUpm
-name
AssetImportWorker5
-projectPath
C:/Users/CARLOS/Documents/GitHub/GameJamOutraDimensao/GameJam
-logFile
Logs/AssetImportWorker5.log
-srvPort
55850
Successfully changed project path to: C:/Users/CARLOS/Documents/GitHub/GameJamOutraDimensao/GameJam
C:/Users/CARLOS/Documents/GitHub/GameJamOutraDimensao/GameJam
[UnityMemory] Configuration Parameters - Can be set up in boot.config
    "memorysetup-bucket-allocator-granularity=16"
    "memorysetup-bucket-allocator-bucket-count=8"
    "memorysetup-bucket-allocator-block-size=33554432"
    "memorysetup-bucket-allocator-block-count=8"
    "memorysetup-main-allocator-block-size=16777216"
    "memorysetup-thread-allocator-block-size=16777216"
    "memorysetup-gfx-main-allocator-block-size=16777216"
    "memorysetup-gfx-thread-allocator-block-size=16777216"
    "memorysetup-cache-allocator-block-size=4194304"
    "memorysetup-typetree-allocator-block-size=2097152"
    "memorysetup-profiler-bucket-allocator-granularity=16"
    "memorysetup-profiler-bucket-allocator-bucket-count=8"
    "memorysetup-profiler-bucket-allocator-block-size=33554432"
    "memorysetup-profiler-bucket-allocator-block-count=8"
    "memorysetup-profiler-allocator-block-size=16777216"
    "memorysetup-profiler-editor-allocator-block-size=1048576"
    "memorysetup-temp-allocator-size-main=16777216"
    "memorysetup-job-temp-allocator-block-size=2097152"
    "memorysetup-job-temp-allocator-block-size-background=1048576"
    "memorysetup-job-temp-allocator-reduction-small-platforms=262144"
    "memorysetup-temp-allocator-size-background-worker=32768"
    "memorysetup-temp-allocator-size-job-worker=262144"
    "memorysetup-temp-allocator-size-preload-manager=33554432"
    "memorysetup-temp-allocator-size-nav-mesh-worker=65536"
    "memorysetup-temp-allocator-size-audio-worker=65536"
    "memorysetup-temp-allocator-size-cloud-worker=32768"
    "memorysetup-temp-allocator-size-gi-baking-worker=262144"
    "memorysetup-temp-allocator-size-gfx=262144"
Refreshing native plugins compatible for Editor in 103.51 ms, found 4 plugins.
Preloading 0 native plugins for Editor in 0.00 ms.
Initialize engine version: 2021.3.3f1 (af2e63e8f9bd)
[Subsystems] Discovering subsystems at path D:/Unity/Unity Hub/Unity Creator/2021.3.3f1/Editor/Data/Resources/UnitySubsystems
[Subsystems] Discovering subsystems at path C:/Users/CARLOS/Documents/GitHub/GameJamOutraDimensao/GameJam/Assets
GfxDevice: creating device client; threaded=0; jobified=0
Direct3D:
    Version:  Direct3D 11.0 [level 11.1]
    Renderer: NVIDIA GeForce GTX 1650 (ID=0x1f82)
    Vendor:   NVIDIA
    VRAM:     3962 MB
    Driver:   31.0.15.1694
Initialize mono
Mono path[0] = 'D:/Unity/Unity Hub/Unity Creator/2021.3.3f1/Editor/Data/Managed'
Mono path[1] = 'D:/Unity/Unity Hub/Unity Creator/2021.3.3f1/Editor/Data/MonoBleedingEdge/lib/mono/unityjit-win32'
Mono config path = 'D:/Unity/Unity Hub/Unity Creator/2021.3.3f1/Editor/Data/MonoBleedingEdge/etc'
Using monoOptions --debugger-agent=transport=dt_socket,embedding=1,server=y,suspend=n,address=127.0.0.1:56380
Begin MonoManager ReloadAssembly
Registering precompiled unity dll's ...
Register platform support module: D:/Unity/Unity Hub/Unity Creator/2021.3.3f1/Editor/Data/PlaybackEngines/AndroidPlayer/UnityEditor.Android.Extensions.dll
Register platform support module: D:/Unity/Unity Hub/Unity Creator/2021.3.3f1/Editor/Data/PlaybackEngines/WindowsStandaloneSupport/UnityEditor.WindowsStandalone.Extensions.dll
Registered in 0.004314 seconds.
Native extension for WindowsStandalone target not found
Native extension for Android target not found
Refreshing native plugins compatible for Editor in 102.20 ms, found 4 plugins.
Preloading 0 native plugins for Editor in 0.00 ms.
Mono: successfully reloaded assembly
- Completed reload, in  1.072 seconds
Domain Reload Profiling:
	ReloadAssembly (1073ms)
		BeginReloadAssembly (89ms)
			ExecutionOrderSort (0ms)
			DisableScriptedObjects (0ms)
			BackupInstance (0ms)
			ReleaseScriptingObjects (0ms)
			CreateAndSetChildDomain (1ms)
		EndReloadAssembly (718ms)
			LoadAssemblies (90ms)
			RebuildTransferFunctionScriptingTraits (0ms)
			SetupTypeCache (303ms)
			ReleaseScriptCaches (0ms)
			RebuildScriptCaches (28ms)
			SetupLoadedEditorAssemblies (338ms)
				LogAssemblyErrors (0ms)
				InitializePlatformSupportModulesInManaged (80ms)
				SetLoadedEditorAssemblies (0ms)
				RefreshPlugins (102ms)
				BeforeProcessingInitializeOnLoad (1ms)
				ProcessInitializeOnLoadAttributes (101ms)
				ProcessInitializeOnLoadMethodAttributes (53ms)
				AfterProcessingInitializeOnLoad (0ms)
				EditorAssembliesLoaded (0ms)
			ExecutionOrderSort2 (0ms)
			AwakeInstancesAfterBackupRestoration (0ms)
Platform modules already initialized, skipping
Registering precompiled user dll's ...
Registered in 0.009246 seconds.
Begin MonoManager ReloadAssembly
Symbol file LoadedFromMemory doesn't match image C:\Users\CARLOS\Documents\GitHub\GameJamOutraDimensao\GameJam\Library\PackageCache\com.unity.visualscripting@1.7.6\Editor\VisualScripting.Core\Dependencies\YamlDotNet\Unity.VisualScripting.YamlDotNet.dll
Symbol file LoadedFromMemory doesn't match image C:\Users\CARLOS\Documents\GitHub\GameJamOutraDimensao\GameJam\Library\PackageCache\com.unity.visualscripting@1.7.6\Editor\VisualScripting.Core\Dependencies\DotNetZip\Unity.VisualScripting.IonicZip.dll
Native extension for WindowsStandalone target not found
Native extension for Android target not found
Refreshing native plugins compatible for Editor in 102.01 ms, found 4 plugins.
Preloading 0 native plugins for Editor in 0.00 ms.
Mono: successfully reloaded assembly
- Completed reload, in  1.446 seconds
Domain Reload Profiling:
	ReloadAssembly (1447ms)
		BeginReloadAssembly (250ms)
			ExecutionOrderSort (0ms)
			DisableScriptedObjects (6ms)
			BackupInstance (0ms)
			ReleaseScriptingObjects (0ms)
			CreateAndSetChildDomain (137ms)
		EndReloadAssembly (1079ms)
			LoadAssemblies (113ms)
			RebuildTransferFunctionScriptingTraits (0ms)
			SetupTypeCache (249ms)
			ReleaseScriptCaches (1ms)
			RebuildScriptCaches (56ms)
			SetupLoadedEditorAssemblies (632ms)
				LogAssemblyErrors (0ms)
				InitializePlatformSupportModulesInManaged (12ms)
				SetLoadedEditorAssemblies (0ms)
				RefreshPlugins (102ms)
				BeforeProcessingInitializeOnLoad (111ms)
				ProcessInitializeOnLoadAttributes (348ms)
				ProcessInitializeOnLoadMethodAttributes (54ms)
				AfterProcessingInitializeOnLoad (4ms)
				EditorAssembliesLoaded (0ms)
			ExecutionOrderSort2 (0ms)
			AwakeInstancesAfterBackupRestoration (9ms)
Platform modules already initialized, skipping
========================================================================
Worker process is ready to serve import requests
Launched and connected shader compiler UnityShaderCompiler.exe after 0.23 seconds
Refreshing native plugins compatible for Editor in 0.79 ms, found 4 plugins.
Preloading 0 native plugins for Editor in 0.00 ms.
Unloading 4104 Unused Serialized files (Serialized files now loaded: 0)
Unloading 42 unused Assets / (200.7 KB). Loaded Objects now: 4567.
Memory consumption went from 227.9 MB to 227.8 MB.
Total: 4.553300 ms (FindLiveObjects: 0.333200 ms CreateObjectMapping: 0.267400 ms MarkObjects: 3.809500 ms  DeleteObjects: 0.141900 ms)

AssetImportParameters requested are different than current active one (requested -> active):
  custom:video-decoder-ogg-theora: a1e56fd34408186e4bbccfd4996cb3dc -> 
  custom:container-muxer-webm: aa71ff27fc2769a1b78a27578f13a17b -> 
  custom:container-demuxer-webm: 4f35f7cbe854078d1ac9338744f61a02 -> 
  custom:video-encoder-webm-vp8: eb34c28f22e8b96e1ab97ce403110664 -> 
  custom:audio-encoder-webm-vorbis: bf7c407c2cedff20999df2af8eb42d56 -> 
  custom:framework-win-MediaFoundation: 216162199b28c13a410421893ffa2e32 -> 
  custom:container-demuxer-ogg: 62fdf1f143b41e24485cea50d1cbac27 -> 
  custom:video-decoder-webm-vp8: 9c59270c3fd7afecdb556c50c9e8de78 -> 
  custom:audio-decoder-ogg-vorbis: bf7c407c2cedff20999df2af8eb42d56 -> 
========================================================================
Received Import Request.
  Time since last request: 10194.678737 seconds.
  path: Assets/Prefabs/Luz Partícula_00028.png
  artifactKey: Guid(cbafb0f11bd68c745963fbf06effa3dd) Importer(815301076,1909f56bfc062723c751e8b465ee728b)
Start importing Assets/Prefabs/Luz Partícula_00028.png using Guid(cbafb0f11bd68c745963fbf06effa3dd) Importer(815301076,1909f56bfc062723c751e8b465ee728b)  -> (artifact id: '920a2562128d12fe645018429e58060c') in 0.353622 seconds 
========================================================================
Received Import Request.
  Time since last request: 0.000028 seconds.
  path: Assets/Prefabs/Luz Partícula_00033.png
  artifactKey: Guid(8d1c2510ed11634439f7e58e8e7ed857) Importer(815301076,1909f56bfc062723c751e8b465ee728b)
Start importing Assets/Prefabs/Luz Partícula_00033.png using Guid(8d1c2510ed11634439f7e58e8e7ed857) Importer(815301076,1909f56bfc062723c751e8b465ee728b)  -> (artifact id: '6dffc27eee9ddd15b284efe5400d968f') in 0.116402 seconds 
========================================================================
Received Import Request.
  Time since last request: 0.000028 seconds.
  path: Assets/Prefabs/Luz Partícula_00046.png
  artifactKey: Guid(37d60fa1aeec1cf4a93e63a199861e0a) Importer(815301076,1909f56bfc062723c751e8b465ee728b)
Start importing Assets/Prefabs/Luz Partícula_00046.png using Guid(37d60fa1aeec1cf4a93e63a199861e0a) Importer(815301076,1909f56bfc062723c751e8b465ee728b)  -> (artifact id: '9265f3ab891b757ccbecc2ac8e101247') in 0.112155 seconds 
========================================================================
Received Import Request.
  Time since last request: 0.000037 seconds.
  path: Assets/Prefabs/Luz Partícula_00030.png
  artifactKey: Guid(dd9feb9c2a857ed4d8537892073cd40c) Importer(815301076,1909f56bfc062723c751e8b465ee728b)
Start importing Assets/Prefabs/Luz Partícula_00030.png using Guid(dd9feb9c2a857ed4d8537892073cd40c) Importer(815301076,1909f56bfc062723c751e8b465ee728b)  -> (artifact id: 'f7f6c83f30a766757e57527b8facddbf') in 0.105796 seconds 
========================================================================
Received Import Request.
  Time since last request: 0.000033 seconds.
  path: Assets/Prefabs/Luz Partícula_00047.png
  artifactKey: Guid(47d968404ab09734d8a7c298537bff09) Importer(815301076,1909f56bfc062723c751e8b465ee728b)
Start importing Assets/Prefabs/Luz Partícula_00047.png using Guid(47d968404ab09734d8a7c298537bff09) Importer(815301076,1909f56bfc062723c751e8b465ee728b)  -> (artifact id: '3d6d399d644bb5d88c2353a84cec0367') in 0.115549 seconds 
========================================================================
Received Import Request.
  Time since last request: 0.000029 seconds.
  path: Assets/Prefabs/Luz Partícula_00041.png
  artifactKey: Guid(0a326eda8216d0848af3c68daa6207c0) Importer(815301076,1909f56bfc062723c751e8b465ee728b)
Start importing Assets/Prefabs/Luz Partícula_00041.png using Guid(0a326eda8216d0848af3c68daa6207c0) Importer(815301076,1909f56bfc062723c751e8b465ee728b)  -> (artifact id: '6d1f2391d2846f0cf5f507b2fb9aa34a') in 0.106351 seconds 
========================================================================
Received Import Request.
  Time since last request: 0.000024 seconds.
  path: Assets/Prefabs/Luz Partícula_00035.png
  artifactKey: Guid(9636104d5ab113642bf193750f43f876) Importer(815301076,1909f56bfc062723c751e8b465ee728b)
Start importing Assets/Prefabs/Luz Partícula_00035.png using Guid(9636104d5ab113642bf193750f43f876) Importer(815301076,1909f56bfc062723c751e8b465ee728b)  -> (artifact id: '7944dc8e563b61b8e7f2fe544276f527') in 0.104779 seconds 
========================================================================
Received Import Request.
  Time since last request: 0.000036 seconds.
  path: Assets/Prefabs/Luz Partícula_00039.png
  artifactKey: Guid(20605103f2500574fa5add91b40b5127) Importer(815301076,1909f56bfc062723c751e8b465ee728b)
Start importing Assets/Prefabs/Luz Partícula_00039.png using Guid(20605103f2500574fa5add91b40b5127) Importer(815301076,1909f56bfc062723c751e8b465ee728b)  -> (artifact id: 'c2185f076abb17c6c1f572f5af5c086d') in 0.101557 seconds 
========================================================================
Received Import Request.
  Time since last request: 0.000032 seconds.
  path: Assets/Prefabs/Luz Partícula_00037.png
  artifactKey: Guid(42393525b16670b41a34e8b673709820) Importer(815301076,1909f56bfc062723c751e8b465ee728b)
Start importing Assets/Prefabs/Luz Partícula_00037.png using Guid(42393525b16670b41a34e8b673709820) Importer(815301076,1909f56bfc062723c751e8b465ee728b)  -> (artifact id: '239122cf7ed40577856fc84c19ccfd02') in 0.096920 seconds 
========================================================================
Received Import Request.
  Time since last request: 0.000043 seconds.
  path: Assets/Prefabs/Luz Partícula_00042.png
  artifactKey: Guid(ac82f96a85b7a46418e52028aac30a58) Importer(815301076,1909f56bfc062723c751e8b465ee728b)
Start importing Assets/Prefabs/Luz Partícula_00042.png using Guid(ac82f96a85b7a46418e52028aac30a58) Importer(815301076,1909f56bfc062723c751e8b465ee728b)  -> (artifact id: '671f11801a09542b647e6b6e1ec1666b') in 0.100366 seconds 
========================================================================
Received Import Request.
  Time since last request: 14.664219 seconds.
  path: Assets/Prefabs/Luz Partícula_00041.png
  artifactKey: Guid(0a326eda8216d0848af3c68daa6207c0) Importer(815301076,1909f56bfc062723c751e8b465ee728b)
Start importing Assets/Prefabs/Luz Partícula_00041.png using Guid(0a326eda8216d0848af3c68daa6207c0) Importer(815301076,1909f56bfc062723c751e8b465ee728b)  -> (artifact id: '2912f6d36b69c2eee1d7e8e013bf0b6f') in 0.119170 seconds 
========================================================================
Received Import Request.
  Time since last request: 0.000037 seconds.
  path: Assets/Prefabs/Luz Partícula_00046.png
  artifactKey: Guid(37d60fa1aeec1cf4a93e63a199861e0a) Importer(815301076,1909f56bfc062723c751e8b465ee728b)
Start importing Assets/Prefabs/Luz Partícula_00046.png using Guid(37d60fa1aeec1cf4a93e63a199861e0a) Importer(815301076,1909f56bfc062723c751e8b465ee728b)  -> (artifact id: '1ada4f2fb0d79c6c7a96c0257c0393cb') in 0.107404 seconds 
========================================================================
Received Import Request.
  Time since last request: 0.012066 seconds.
  path: Assets/Prefabs/Luz Partícula_00044.png
  artifactKey: Guid(0125de033f6912e4ab68985aae88f29f) Importer(815301076,1909f56bfc062723c751e8b465ee728b)
Start importing Assets/Prefabs/Luz Partícula_00044.png using Guid(0125de033f6912e4ab68985aae88f29f) Importer(815301076,1909f56bfc062723c751e8b465ee728b)  -> (artifact id: '7f19bae1ebc3947cbb34143264d59b3b') in 0.106889 seconds 
========================================================================
Received Import Request.
  Time since last request: 0.204389 seconds.
  path: Assets/Prefabs/Luz Partícula_00035.png
  artifactKey: Guid(9636104d5ab113642bf193750f43f876) Importer(815301076,1909f56bfc062723c751e8b465ee728b)
Start importing Assets/Prefabs/Luz Partícula_00035.png using Guid(9636104d5ab113642bf193750f43f876) Importer(815301076,1909f56bfc062723c751e8b465ee728b)  -> (artifact id: 'c279e69febbc33b461bdd6d58bcee58b') in 0.105014 seconds 
========================================================================
Received Import Request.
  Time since last request: 0.000039 seconds.
  path: Assets/Prefabs/Luz Partícula_00036.png
  artifactKey: Guid(20e4b04fba0cb674787b99f31f655d47) Importer(815301076,1909f56bfc062723c751e8b465ee728b)
Start importing Assets/Prefabs/Luz Partícula_00036.png using Guid(20e4b04fba0cb674787b99f31f655d47) Importer(815301076,1909f56bfc062723c751e8b465ee728b)  -> (artifact id: '9c23a3b30ece5bbeaf5dbbc4b46a3b47') in 0.105248 seconds 
========================================================================
Received Import Request.
  Time since last request: 0.000029 seconds.
  path: Assets/Prefabs/Luz Partícula_00037.png
  artifactKey: Guid(42393525b16670b41a34e8b673709820) Importer(815301076,1909f56bfc062723c751e8b465ee728b)
Start importing Assets/Prefabs/Luz Partícula_00037.png using Guid(42393525b16670b41a34e8b673709820) Importer(815301076,1909f56bfc062723c751e8b465ee728b)  -> (artifact id: 'b7f8aaf17d459c5b5e9f4e3eeccf9ccf') in 0.096948 seconds 
========================================================================
Received Import Request.
  Time since last request: 0.217050 seconds.
  path: Assets/Prefabs/Luz Partícula_00028.png
  artifactKey: Guid(cbafb0f11bd68c745963fbf06effa3dd) Importer(815301076,1909f56bfc062723c751e8b465ee728b)
Start importing Assets/Prefabs/Luz Partícula_00028.png using Guid(cbafb0f11bd68c745963fbf06effa3dd) Importer(815301076,1909f56bfc062723c751e8b465ee728b)  -> (artifact id: '0464e2a9a5710b770d3d6f161fe75599') in 0.108375 seconds 
========================================================================
Received Import Request.
  Time since last request: 0.000056 seconds.
  path: Assets/Prefabs/Luz Partícula_00032.png
  artifactKey: Guid(af3edd9878c5bc8428e4bcdca9d6b531) Importer(815301076,1909f56bfc062723c751e8b465ee728b)
Start importing Assets/Prefabs/Luz Partícula_00032.png using Guid(af3edd9878c5bc8428e4bcdca9d6b531) Importer(815301076,1909f56bfc062723c751e8b465ee728b)  -> (artifact id: '367a594d01e4e09f7d51de6067acf4d3') in 0.110324 seconds 
========================================================================
Received Import Request.
  Time since last request: 0.000082 seconds.
  path: Assets/Prefabs/Luz Partícula_00021.png
  artifactKey: Guid(8ea5e8b41e67d6d4aad9fab407824bb4) Importer(815301076,1909f56bfc062723c751e8b465ee728b)
Start importing Assets/Prefabs/Luz Partícula_00021.png using Guid(8ea5e8b41e67d6d4aad9fab407824bb4) Importer(815301076,1909f56bfc062723c751e8b465ee728b)  -> (artifact id: 'c244d2986cb1fc3a1367391e1f0045c8') in 0.110175 seconds 
========================================================================
Received Import Request.
  Time since last request: 0.000019 seconds.
  path: Assets/Prefabs/Luz Partícula_00031.png
  artifactKey: Guid(bd326bf343f33e04cb9dc340cab0efb1) Importer(815301076,1909f56bfc062723c751e8b465ee728b)
Start importing Assets/Prefabs/Luz Partícula_00031.png using Guid(bd326bf343f33e04cb9dc340cab0efb1) Importer(815301076,1909f56bfc062723c751e8b465ee728b)  -> (artifact id: '861d8e967c8c50d9c33c38b73261ffd3') in 0.111468 seconds 
========================================================================
Received Import Request.
  Time since last request: 0.000029 seconds.
  path: Assets/Prefabs/Luz Partícula_00029.png
  artifactKey: Guid(f5e894f8e32504047bbebea11fefbebc) Importer(815301076,1909f56bfc062723c751e8b465ee728b)
Start importing Assets/Prefabs/Luz Partícula_00029.png using Guid(f5e894f8e32504047bbebea11fefbebc) Importer(815301076,1909f56bfc062723c751e8b465ee728b)  -> (artifact id: '31540896d148b470d1c728c46394aff8') in 0.104539 seconds 
========================================================================
Received Import Request.
  Time since last request: 0.266626 seconds.
  path: Assets/Prefabs/Luz Partícula_00014.png
  artifactKey: Guid(482825171972d884a877157ffb082714) Importer(815301076,1909f56bfc062723c751e8b465ee728b)
Start importing Assets/Prefabs/Luz Partícula_00014.png using Guid(482825171972d884a877157ffb082714) Importer(815301076,1909f56bfc062723c751e8b465ee728b)  -> (artifact id: '7503aa8da7b7b269de6e9c447b1659c4') in 0.114738 seconds 
========================================================================
Received Import Request.
  Time since last request: 0.000023 seconds.
  path: Assets/Prefabs/Luz Partícula_00016.png
  artifactKey: Guid(0e4a4b8c9912b2a4692fbcf6294beeb4) Importer(815301076,1909f56bfc062723c751e8b465ee728b)
Start importing Assets/Prefabs/Luz Partícula_00016.png using Guid(0e4a4b8c9912b2a4692fbcf6294beeb4) Importer(815301076,1909f56bfc062723c751e8b465ee728b)  -> (artifact id: '53ccd0cab2d3cebf27a7651e7c50dff0') in 0.117580 seconds 
========================================================================
Received Import Request.
  Time since last request: 0.235998 seconds.
  path: Assets/Prefabs/Luz Partícula_00007.png
  artifactKey: Guid(51ba172a4bc3567429891dab5395e2de) Importer(815301076,1909f56bfc062723c751e8b465ee728b)
Start importing Assets/Prefabs/Luz Partícula_00007.png using Guid(51ba172a4bc3567429891dab5395e2de) Importer(815301076,1909f56bfc062723c751e8b465ee728b)  -> (artifact id: 'cde580ad3282f7b3a26c2967040b5259') in 0.113278 seconds 
========================================================================
Received Import Request.
  Time since last request: 0.000039 seconds.
  path: Assets/Prefabs/Luz Partícula_00011.png
  artifactKey: Guid(9f8d0dece3ee0574baa484cae089eeac) Importer(815301076,1909f56bfc062723c751e8b465ee728b)
Start importing Assets/Prefabs/Luz Partícula_00011.png using Guid(9f8d0dece3ee0574baa484cae089eeac) Importer(815301076,1909f56bfc062723c751e8b465ee728b)  -> (artifact id: 'ef2f9bb0b60c32a86132109c8a6b0ea6') in 0.114811 seconds 
Editor requested this worker to shutdown with reason: Scaling down because of idle timeout
AssetImportWorker is now disconnected from the server
Process exiting
Exiting without the bug reporter. Application will terminate with return code 0