Using pre-set license
Built from '2021.3/staging' branch; Version is '2021.3.3f1 (af2e63e8f9bd) revision 11480675'; Using compiler version '192829333'; Build Type 'Release'
OS: 'Windows 10  (10.0.19044) 64bit Professional' Language: 'pt' Physical Memory: 8110 MB
BatchMode: 1, IsHumanControllingUs: 0, StartBugReporterOnCrash: 0, Is64bit: 1, IsPro: 1

COMMAND LINE ARGUMENTS:
D:\Unity\Unity Hub\Unity Creator\2021.3.3f1\Editor\Unity.exe
-adb2
-batchMode
-noUpm
-name
AssetImportWorker0
-projectPath
C:/Users/CARLOS/Documents/GitHub/GameJamOutraDimensao/GameJam
-logFile
Logs/AssetImportWorker0.log
-srvPort
55850
Successfully changed project path to: C:/Users/CARLOS/Documents/GitHub/GameJamOutraDimensao/GameJam
C:/Users/CARLOS/Documents/GitHub/GameJamOutraDimensao/GameJam
[UnityMemory] Configuration Parameters - Can be set up in boot.config
    "memorysetup-bucket-allocator-granularity=16"
    "memorysetup-bucket-allocator-bucket-count=8"
    "memorysetup-bucket-allocator-block-size=33554432"
    "memorysetup-bucket-allocator-block-count=8"
    "memorysetup-main-allocator-block-size=16777216"
    "memorysetup-thread-allocator-block-size=16777216"
    "memorysetup-gfx-main-allocator-block-size=16777216"
    "memorysetup-gfx-thread-allocator-block-size=16777216"
    "memorysetup-cache-allocator-block-size=4194304"
    "memorysetup-typetree-allocator-block-size=2097152"
    "memorysetup-profiler-bucket-allocator-granularity=16"
    "memorysetup-profiler-bucket-allocator-bucket-count=8"
    "memorysetup-profiler-bucket-allocator-block-size=33554432"
    "memorysetup-profiler-bucket-allocator-block-count=8"
    "memorysetup-profiler-allocator-block-size=16777216"
    "memorysetup-profiler-editor-allocator-block-size=1048576"
    "memorysetup-temp-allocator-size-main=16777216"
    "memorysetup-job-temp-allocator-block-size=2097152"
    "memorysetup-job-temp-allocator-block-size-background=1048576"
    "memorysetup-job-temp-allocator-reduction-small-platforms=262144"
    "memorysetup-temp-allocator-size-background-worker=32768"
    "memorysetup-temp-allocator-size-job-worker=262144"
    "memorysetup-temp-allocator-size-preload-manager=33554432"
    "memorysetup-temp-allocator-size-nav-mesh-worker=65536"
    "memorysetup-temp-allocator-size-audio-worker=65536"
    "memorysetup-temp-allocator-size-cloud-worker=32768"
    "memorysetup-temp-allocator-size-gi-baking-worker=262144"
    "memorysetup-temp-allocator-size-gfx=262144"
Refreshing native plugins compatible for Editor in 100.65 ms, found 4 plugins.
Preloading 0 native plugins for Editor in 0.00 ms.
Initialize engine version: 2021.3.3f1 (af2e63e8f9bd)
[Subsystems] Discovering subsystems at path D:/Unity/Unity Hub/Unity Creator/2021.3.3f1/Editor/Data/Resources/UnitySubsystems
[Subsystems] Discovering subsystems at path C:/Users/CARLOS/Documents/GitHub/GameJamOutraDimensao/GameJam/Assets
GfxDevice: creating device client; threaded=0; jobified=0
Direct3D:
    Version:  Direct3D 11.0 [level 11.1]
    Renderer: NVIDIA GeForce GTX 1650 (ID=0x1f82)
    Vendor:   NVIDIA
    VRAM:     3962 MB
    Driver:   31.0.15.1694
Initialize mono
Mono path[0] = 'D:/Unity/Unity Hub/Unity Creator/2021.3.3f1/Editor/Data/Managed'
Mono path[1] = 'D:/Unity/Unity Hub/Unity Creator/2021.3.3f1/Editor/Data/MonoBleedingEdge/lib/mono/unityjit-win32'
Mono config path = 'D:/Unity/Unity Hub/Unity Creator/2021.3.3f1/Editor/Data/MonoBleedingEdge/etc'
Using monoOptions --debugger-agent=transport=dt_socket,embedding=1,server=y,suspend=n,address=127.0.0.1:56256
Begin MonoManager ReloadAssembly
Registering precompiled unity dll's ...
Register platform support module: D:/Unity/Unity Hub/Unity Creator/2021.3.3f1/Editor/Data/PlaybackEngines/AndroidPlayer/UnityEditor.Android.Extensions.dll
Register platform support module: D:/Unity/Unity Hub/Unity Creator/2021.3.3f1/Editor/Data/PlaybackEngines/WindowsStandaloneSupport/UnityEditor.WindowsStandalone.Extensions.dll
Registered in 0.004365 seconds.
Native extension for WindowsStandalone target not found
Native extension for Android target not found
Refreshing native plugins compatible for Editor in 97.71 ms, found 4 plugins.
Preloading 0 native plugins for Editor in 0.00 ms.
Mono: successfully reloaded assembly
- Completed reload, in  0.667 seconds
Domain Reload Profiling:
	ReloadAssembly (667ms)
		BeginReloadAssembly (90ms)
			ExecutionOrderSort (0ms)
			DisableScriptedObjects (0ms)
			BackupInstance (0ms)
			ReleaseScriptingObjects (0ms)
			CreateAndSetChildDomain (1ms)
		EndReloadAssembly (476ms)
			LoadAssemblies (90ms)
			RebuildTransferFunctionScriptingTraits (0ms)
			SetupTypeCache (109ms)
			ReleaseScriptCaches (0ms)
			RebuildScriptCaches (28ms)
			SetupLoadedEditorAssemblies (290ms)
				LogAssemblyErrors (0ms)
				InitializePlatformSupportModulesInManaged (53ms)
				SetLoadedEditorAssemblies (0ms)
				RefreshPlugins (98ms)
				BeforeProcessingInitializeOnLoad (1ms)
				ProcessInitializeOnLoadAttributes (94ms)
				ProcessInitializeOnLoadMethodAttributes (44ms)
				AfterProcessingInitializeOnLoad (0ms)
				EditorAssembliesLoaded (0ms)
			ExecutionOrderSort2 (0ms)
			AwakeInstancesAfterBackupRestoration (0ms)
Platform modules already initialized, skipping
Registering precompiled user dll's ...
Registered in 0.008069 seconds.
Begin MonoManager ReloadAssembly
Symbol file LoadedFromMemory doesn't match image C:\Users\CARLOS\Documents\GitHub\GameJamOutraDimensao\GameJam\Library\PackageCache\com.unity.visualscripting@1.7.6\Editor\VisualScripting.Core\Dependencies\YamlDotNet\Unity.VisualScripting.YamlDotNet.dll
Symbol file LoadedFromMemory doesn't match image C:\Users\CARLOS\Documents\GitHub\GameJamOutraDimensao\GameJam\Library\PackageCache\com.unity.visualscripting@1.7.6\Editor\VisualScripting.Core\Dependencies\DotNetZip\Unity.VisualScripting.IonicZip.dll
Native extension for WindowsStandalone target not found
Native extension for Android target not found
Refreshing native plugins compatible for Editor in 97.05 ms, found 4 plugins.
Preloading 0 native plugins for Editor in 0.00 ms.
Mono: successfully reloaded assembly
- Completed reload, in  1.290 seconds
Domain Reload Profiling:
	ReloadAssembly (1291ms)
		BeginReloadAssembly (262ms)
			ExecutionOrderSort (0ms)
			DisableScriptedObjects (11ms)
			BackupInstance (0ms)
			ReleaseScriptingObjects (0ms)
			CreateAndSetChildDomain (133ms)
		EndReloadAssembly (919ms)
			LoadAssemblies (110ms)
			RebuildTransferFunctionScriptingTraits (0ms)
			SetupTypeCache (244ms)
			ReleaseScriptCaches (1ms)
			RebuildScriptCaches (57ms)
			SetupLoadedEditorAssemblies (486ms)
				LogAssemblyErrors (0ms)
				InitializePlatformSupportModulesInManaged (12ms)
				SetLoadedEditorAssemblies (0ms)
				RefreshPlugins (97ms)
				BeforeProcessingInitializeOnLoad (101ms)
				ProcessInitializeOnLoadAttributes (229ms)
				ProcessInitializeOnLoadMethodAttributes (43ms)
				AfterProcessingInitializeOnLoad (3ms)
				EditorAssembliesLoaded (0ms)
			ExecutionOrderSort2 (0ms)
			AwakeInstancesAfterBackupRestoration (6ms)
Platform modules already initialized, skipping
========================================================================
Worker process is ready to serve import requests
Launched and connected shader compiler UnityShaderCompiler.exe after 0.04 seconds
Refreshing native plugins compatible for Editor in 0.78 ms, found 4 plugins.
Preloading 0 native plugins for Editor in 0.00 ms.
Unloading 4104 Unused Serialized files (Serialized files now loaded: 0)
Unloading 42 unused Assets / (200.2 KB). Loaded Objects now: 4563.
Memory consumption went from 154.9 MB to 154.7 MB.
Total: 3.535900 ms (FindLiveObjects: 0.393100 ms CreateObjectMapping: 0.362900 ms MarkObjects: 2.592000 ms  DeleteObjects: 0.186300 ms)

AssetImportParameters requested are different than current active one (requested -> active):
  custom:video-decoder-ogg-theora: a1e56fd34408186e4bbccfd4996cb3dc -> 
  custom:container-muxer-webm: aa71ff27fc2769a1b78a27578f13a17b -> 
  custom:container-demuxer-webm: 4f35f7cbe854078d1ac9338744f61a02 -> 
  custom:video-encoder-webm-vp8: eb34c28f22e8b96e1ab97ce403110664 -> 
  custom:audio-encoder-webm-vorbis: bf7c407c2cedff20999df2af8eb42d56 -> 
  custom:framework-win-MediaFoundation: 216162199b28c13a410421893ffa2e32 -> 
  custom:container-demuxer-ogg: 62fdf1f143b41e24485cea50d1cbac27 -> 
  custom:video-decoder-webm-vp8: 9c59270c3fd7afecdb556c50c9e8de78 -> 
  custom:audio-decoder-ogg-vorbis: bf7c407c2cedff20999df2af8eb42d56 -> 
========================================================================
Received Import Request.
  Time since last request: 524.392254 seconds.
  path: Assets/Mountain Dusk Artwork/Mountain Dusk
  artifactKey: Guid(00dcbee8cbaa50141bdbaebc35385b2f) Importer(815301076,1909f56bfc062723c751e8b465ee728b)
Start importing Assets/Mountain Dusk Artwork/Mountain Dusk using Guid(00dcbee8cbaa50141bdbaebc35385b2f) Importer(815301076,1909f56bfc062723c751e8b465ee728b)  -> (artifact id: 'effd8a07fab7b34edf7c29f33baf885b') in 0.010670 seconds 
========================================================================
Received Import Request.
  Time since last request: 44.850671 seconds.
  path: Assets/Warped Caves/Artwork
  artifactKey: Guid(b938a8bf4e83049c399e141cb70dbeb4) Importer(815301076,1909f56bfc062723c751e8b465ee728b)
Start importing Assets/Warped Caves/Artwork using Guid(b938a8bf4e83049c399e141cb70dbeb4) Importer(815301076,1909f56bfc062723c751e8b465ee728b)  -> (artifact id: '5ef348135f3220b01668022ac4201484') in 0.008738 seconds 
========================================================================
Received Import Request.
  Time since last request: 0.983823 seconds.
  path: Assets/Warped Caves/Artwork/Environment
  artifactKey: Guid(4b099c21c511f493491727b683580a95) Importer(815301076,1909f56bfc062723c751e8b465ee728b)
Start importing Assets/Warped Caves/Artwork/Environment using Guid(4b099c21c511f493491727b683580a95) Importer(815301076,1909f56bfc062723c751e8b465ee728b)  -> (artifact id: 'a5b13c8bb1513b8689eed16281c7f191') in 0.006596 seconds 
========================================================================
Received Import Request.
  Time since last request: 0.067227 seconds.
  path: Assets/Warped Caves/Artwork/Environment/background.png
  artifactKey: Guid(20d00314efef34b5f8d3b0d3f4353b19) Importer(815301076,1909f56bfc062723c751e8b465ee728b)
Start importing Assets/Warped Caves/Artwork/Environment/background.png using Guid(20d00314efef34b5f8d3b0d3f4353b19) Importer(815301076,1909f56bfc062723c751e8b465ee728b)  -> (artifact id: 'c6a8d9a89ee6ef204029aec9b5f9a9cd') in 0.137882 seconds 
========================================================================
Received Import Request.
  Time since last request: 0.000047 seconds.
  path: Assets/Warped Caves/Artwork/Environment/tilesets.png
  artifactKey: Guid(9b4bd070b482c4b31ab0a28c698baa9f) Importer(815301076,1909f56bfc062723c751e8b465ee728b)
Start importing Assets/Warped Caves/Artwork/Environment/tilesets.png using Guid(9b4bd070b482c4b31ab0a28c698baa9f) Importer(815301076,1909f56bfc062723c751e8b465ee728b)  -> (artifact id: '9357b15b892bec2c737b8fc55b114c23') in 0.026283 seconds 
========================================================================
Received Import Request.
  Time since last request: 0.000517 seconds.
  path: Assets/Warped Caves/Artwork/Environment/middleground.png
  artifactKey: Guid(a5bed8c8e77ee4c34990d94b94cb2afe) Importer(815301076,1909f56bfc062723c751e8b465ee728b)
Start importing Assets/Warped Caves/Artwork/Environment/middleground.png using Guid(a5bed8c8e77ee4c34990d94b94cb2afe) Importer(815301076,1909f56bfc062723c751e8b465ee728b)  -> (artifact id: 'cd143fce051bf4bda8613d5dcf15d977') in 0.029812 seconds 
========================================================================
Received Import Request.
  Time since last request: 0.000029 seconds.
  path: Assets/Warped Caves/Artwork/Environment/walls-tileset-sliced.png
  artifactKey: Guid(e8eeee797a1eb41268234a175d2079ac) Importer(815301076,1909f56bfc062723c751e8b465ee728b)
Start importing Assets/Warped Caves/Artwork/Environment/walls-tileset-sliced.png using Guid(e8eeee797a1eb41268234a175d2079ac) Importer(815301076,1909f56bfc062723c751e8b465ee728b)  -> (artifact id: '6a4db16b014dacfc2777fdc859894bab') in 0.109757 seconds 
========================================================================
Received Import Request.
  Time since last request: 0.000033 seconds.
  path: Assets/Warped Caves/Artwork/Environment/walls-tileset.png
  artifactKey: Guid(7becc0b79e39340f2b9e112d4636484b) Importer(815301076,1909f56bfc062723c751e8b465ee728b)
Start importing Assets/Warped Caves/Artwork/Environment/walls-tileset.png using Guid(7becc0b79e39340f2b9e112d4636484b) Importer(815301076,1909f56bfc062723c751e8b465ee728b)  -> (artifact id: '04ce7cba36e95dd8878000308a9cb4f7') in 0.027900 seconds 
========================================================================
Received Import Request.
  Time since last request: 11.978405 seconds.
  path: Assets/Warped Caves/Artwork/Environment/Props/gate-02.png
  artifactKey: Guid(807938e2e2a1d4f6baa7f8f80efa7f3e) Importer(815301076,1909f56bfc062723c751e8b465ee728b)
Start importing Assets/Warped Caves/Artwork/Environment/Props/gate-02.png using Guid(807938e2e2a1d4f6baa7f8f80efa7f3e) Importer(815301076,1909f56bfc062723c751e8b465ee728b)  -> (artifact id: '9e42d8395881713defd0bf237c1015a7') in 0.018280 seconds 
========================================================================
Received Import Request.
  Time since last request: 0.000049 seconds.
  path: Assets/Warped Caves/Artwork/Environment/Props/stalactite.png
  artifactKey: Guid(64eebde81b28b4bf09d486851692948b) Importer(815301076,1909f56bfc062723c751e8b465ee728b)
Start importing Assets/Warped Caves/Artwork/Environment/Props/stalactite.png using Guid(64eebde81b28b4bf09d486851692948b) Importer(815301076,1909f56bfc062723c751e8b465ee728b)  -> (artifact id: 'eea0866e1ad887a6ce33ab51b099f9cc') in 0.020029 seconds 
========================================================================
Received Import Request.
  Time since last request: 0.000036 seconds.
  path: Assets/Warped Caves/Artwork/Environment/Props/plant-big.png
  artifactKey: Guid(c5f562f1c91da468b9c01eaf24858791) Importer(815301076,1909f56bfc062723c751e8b465ee728b)
Start importing Assets/Warped Caves/Artwork/Environment/Props/plant-big.png using Guid(c5f562f1c91da468b9c01eaf24858791) Importer(815301076,1909f56bfc062723c751e8b465ee728b)  -> (artifact id: '772423814b1a303d66ea7938b7d3002f') in 0.024877 seconds 
Editor requested this worker to shutdown with reason: Scaling down because of idle timeout
AssetImportWorker is now disconnected from the server
Process exiting
Exiting without the bug reporter. Application will terminate with return code 0